<?xml version="1.0" encoding="UTF-8"?>
<!-- Generated by org.testng.reporters.JUnitReportReporter -->
<testsuite hostname="LAPTOP-J3O1SV8B" failures="0" tests="1" name="eCommerceProject.Flipkart" time="19.786" errors="0" timestamp="2023-08-01T19:36:55 IST" skipped="0">
  <testcase classname="eCommerceProject.Flipkart" name="FlipkartTest" time="19.786"/>
  <system-out>
    <![CDATA[Opening flipkart]]>
  </system-out>
</testsuite> <!-- eCommerceProject.Flipkart -->
