<?xml version="1.0" encoding="UTF-8"?>
<!-- Generated by org.testng.reporters.JUnitReportReporter -->
<testsuite hostname="LAPTOP-J3O1SV8B" failures="0" tests="1" name="eCommerceProject.Ajio" time="70.076" errors="0" timestamp="2023-08-01T19:36:55 IST" skipped="0">
  <testcase classname="eCommerceProject.Ajio" name="AjioTest" time="70.076"/>
  <system-out>
    <![CDATA[Opening Ajio]]>
  </system-out>
</testsuite> <!-- eCommerceProject.Ajio -->
