<?xml version="1.0" encoding="UTF-8"?>
<!-- Generated by org.testng.reporters.JUnitReportReporter -->
<testsuite hostname="LAPTOP-J3O1SV8B" failures="0" tests="1" name="eCommerceProject.Amazon" time="13.752" errors="0" timestamp="2023-07-26T09:00:42 IST" skipped="0">
  <testcase classname="eCommerceProject.Amazon" name="AmazonTest" time="13.752"/>
  <system-out>
    <![CDATA[Opening Amazon]]>
  </system-out>
</testsuite> <!-- eCommerceProject.Amazon -->
